\BOOKMARK [0][-]{chapter.1}{Introduction}{}% 1
\BOOKMARK [1][-]{section.1.1}{Space\040Waste\040Collection\040Systems}{chapter.1}% 2
\BOOKMARK [2][-]{subsection.1.1.1}{Apollo\040Waste\040Collection\040System}{section.1.1}% 3
\BOOKMARK [2][-]{subsection.1.1.2}{Space\040Shuttle's\040Waste\040Collection\040System}{section.1.1}% 4
\BOOKMARK [2][-]{subsection.1.1.3}{Soyuz\040Waste\040Collection\040System}{section.1.1}% 5
\BOOKMARK [2][-]{subsection.1.1.4}{International\040Space\040Station\040Waste\040Collection\040System}{section.1.1}% 6
\BOOKMARK [0][-]{chapter.2}{Lunar\040Loo\040Challenge}{}% 7
\BOOKMARK [1][-]{section.2.1}{Challenge\040Overview}{chapter.2}% 8
\BOOKMARK [1][-]{section.2.2}{Lunar\040Loo\040Requirements}{chapter.2}% 9
\BOOKMARK [2][-]{subsection.2.2.1}{Toilet\040Design\040Specifications}{section.2.2}% 10
\BOOKMARK [2][-]{subsection.2.2.2}{Toilet\040Performance\040Specifications}{section.2.2}% 11
\BOOKMARK [0][-]{chapter.3}{Fast\040Actuating\040Rectum\040Transfer\040Exit\040Device\040\(FARTED\)}{}% 12
\BOOKMARK [1][-]{section.3.1}{Overview\040of\040Design}{chapter.3}% 13
\BOOKMARK [2][-]{subsection.3.1.1}{Working\040in\040Microgravity}{section.3.1}% 14
\BOOKMARK [2][-]{subsection.3.1.2}{Implementation\040for\040All\040Genders}{section.3.1}% 15
\BOOKMARK [2][-]{subsection.3.1.3}{Design\040Versatility}{section.3.1}% 16
\BOOKMARK [2][-]{subsection.3.1.4}{Transferring\040Collected\040Waste\040to\040Storage}{section.3.1}% 17
\BOOKMARK [1][-]{section.3.2}{Accommodations}{chapter.3}% 18
\BOOKMARK [2][-]{subsection.3.2.1}{Waste\040Containment}{section.3.2}% 19
\BOOKMARK [2][-]{subsection.3.2.2}{Stabilizing\040Urination}{section.3.2}% 20
\BOOKMARK [2][-]{subsection.3.2.3}{Functionality\040of\040Waste\040Containment\040System}{section.3.2}% 21
\BOOKMARK [2][-]{subsection.3.2.4}{Lifetime}{section.3.2}% 22
\BOOKMARK [2][-]{subsection.3.2.5}{Integration\040with\040Hygiene\040Products}{section.3.2}% 23
\BOOKMARK [2][-]{subsection.3.2.6}{Time\040of\040Turn\040Around}{section.3.2}% 24
\BOOKMARK [2][-]{subsection.3.2.7}{Mission\040Lifetime}{section.3.2}% 25
\BOOKMARK [1][-]{section.3.3}{Safety}{chapter.3}% 26
\BOOKMARK [2][-]{subsection.3.3.1}{Minimizing\040Contact\040with\040Waste}{section.3.3}% 27
\BOOKMARK [2][-]{subsection.3.3.2}{Isolating\040System\040from\040Vacuum}{section.3.3}% 28
\BOOKMARK [1][-]{section.3.4}{Technical\040Maturity}{chapter.3}% 29
\BOOKMARK [1][-]{section.3.5}{Technical\040Judging}{chapter.3}% 30
